<?xml version="1.0" encoding="UTF-8"?>
<!-- Generated by org.testng.reporters.JUnitXMLReporter -->
<testsuite ignored="13" hostname="DESKTOP-6QQBDQK" failures="0" tests="8" name="Test" time="17.986" errors="0" timestamp="2025-11-07T15:37:05 IST">
  <testcase classname="Com.blaze.test.Tc1_Home" name="title_verification" time="0.017"/>
  <testcase classname="Com.blaze.test.Tc1_Home" name="logo_link_verification" time="0.048"/>
  <testcase classname="Com.blaze.test.Tc2_Signup" name="signup_link" time="2.16"/>
  <testcase classname="Com.blaze.test.tc3_signin" name="signin" time="0.794"/>
  <testcase classname="Com.blaze.test.Tc4_AddToCartVerification" name="phones_link" time="5.686"/>
  <testcase classname="Com.blaze.test.Tc5_deleteChart" name="cart" time="6.694"/>
  <testcase classname="Com.blaze.test.TC6_PlaceToOrder" name="placeorder" time="1.504"/>
  <testcase classname="Com.blaze.test.Tc7_contact" name="contact_link" time="1.007"/>
  <testcase classname="Utilities.Commonclass" name="@BeforeSuite launch" time="0.0">
    <ignored/>
  </testcase> <!-- @BeforeSuite launch -->
  <testcase classname="Utilities.Commonclass" name="@BeforeSuite launch" time="0.0">
    <ignored/>
  </testcase> <!-- @BeforeSuite launch -->
  <testcase classname="Utilities.Commonclass" name="@AfterSuite terminate" time="0.0">
    <ignored/>
  </testcase> <!-- @AfterSuite terminate -->
  <testcase classname="Com.blaze.test.tc3_signin" name="signin_link" time="0.0">
    <ignored/>
  </testcase> <!-- signin_link -->
  <testcase classname="Utilities.Commonclass" name="@BeforeSuite launch" time="0.0">
    <ignored/>
  </testcase> <!-- @BeforeSuite launch -->
  <testcase classname="Utilities.Commonclass" name="@AfterSuite terminate" time="0.0">
    <ignored/>
  </testcase> <!-- @AfterSuite terminate -->
  <testcase classname="Utilities.Commonclass" name="@BeforeSuite launch" time="0.0">
    <ignored/>
  </testcase> <!-- @BeforeSuite launch -->
  <testcase classname="Utilities.Commonclass" name="@BeforeSuite launch" time="0.0">
    <ignored/>
  </testcase> <!-- @BeforeSuite launch -->
  <testcase classname="Utilities.Commonclass" name="@BeforeSuite launch" time="0.0">
    <ignored/>
  </testcase> <!-- @BeforeSuite launch -->
  <testcase classname="Utilities.Commonclass" name="@AfterSuite terminate" time="0.0">
    <ignored/>
  </testcase> <!-- @AfterSuite terminate -->
  <testcase classname="Utilities.Commonclass" name="@AfterSuite terminate" time="0.0">
    <ignored/>
  </testcase> <!-- @AfterSuite terminate -->
  <testcase classname="Utilities.Commonclass" name="@AfterSuite terminate" time="0.0">
    <ignored/>
  </testcase> <!-- @AfterSuite terminate -->
  <testcase classname="Utilities.Commonclass" name="@AfterSuite terminate" time="0.0">
    <ignored/>
  </testcase> <!-- @AfterSuite terminate -->
</testsuite> <!-- Test -->
