<?xml version="1.0" encoding="UTF-8"?>
<!-- Generated by org.testng.reporters.JUnitReportReporter -->
<testsuite hostname="DESKTOP-6QQBDQK" failures="0" tests="1" name="Com.blaze.test.Tc5_deleteChart" time="6.694" errors="0" timestamp="2025-11-07T15:37:05 IST" skipped="0">
  <testcase classname="Com.blaze.test.Tc5_deleteChart" name="cart" time="6.694"/>
  <system-out>
    <![CDATA[case title verification completed
logo_link done
User name verified
password verified]]>
  </system-out>
</testsuite> <!-- Com.blaze.test.Tc5_deleteChart -->
