<?xml version="1.0" encoding="UTF-8"?>
<!-- Generated by org.testng.reporters.JUnitReportReporter -->
<testsuite hostname="DESKTOP-6QQBDQK" failures="0" tests="1" name="Com.blaze.test.Tc2_Signup" time="2.160" errors="0" timestamp="2025-11-07T15:37:05 IST" skipped="0">
  <testcase classname="Com.blaze.test.Tc2_Signup" name="signup_link" time="2.160">
    <system-out>
      <![CDATA[User name verified
password verified]]>
    </system-out>
  </testcase> <!-- signup_link -->
  <system-out>
    <![CDATA[case title verification completed
logo_link done
User name verified
password verified]]>
  </system-out>
</testsuite> <!-- Com.blaze.test.Tc2_Signup -->
