<?xml version="1.0" encoding="UTF-8"?>
<!-- Generated by org.testng.reporters.JUnitReportReporter -->
<testsuite hostname="DESKTOP-6QQBDQK" failures="0" tests="2" name="Com.blaze.test.tc3_signin" time="0.794" errors="0" timestamp="2025-11-07T15:37:05 IST" skipped="1">
  <testcase classname="Com.blaze.test.tc3_signin" name="signin" time="0.794"/>
  <testcase classname="Com.blaze.test.tc3_signin" name="signin_link">
    <skipped/>
  </testcase> <!-- signin_link -->
  <system-out>
    <![CDATA[case title verification completed
logo_link done
User name verified
password verified]]>
  </system-out>
</testsuite> <!-- Com.blaze.test.tc3_signin -->
