<?xml version="1.0" encoding="UTF-8"?>
<!-- Generated by org.testng.reporters.JUnitReportReporter -->
<testsuite hostname="DESKTOP-6QQBDQK" failures="0" tests="2" name="Com.blaze.test.Tc1_Home" time="0.065" errors="0" timestamp="2025-11-07T15:37:05 IST" skipped="0">
  <testcase classname="Com.blaze.test.Tc1_Home" name="title_verification" time="0.017">
    <system-out>
      <![CDATA[case title verification completed]]>
    </system-out>
  </testcase> <!-- title_verification -->
  <testcase classname="Com.blaze.test.Tc1_Home" name="logo_link_verification" time="0.048">
    <system-out>
      <![CDATA[logo_link done]]>
    </system-out>
  </testcase> <!-- logo_link_verification -->
  <system-out>
    <![CDATA[case title verification completed
logo_link done
User name verified
password verified]]>
  </system-out>
</testsuite> <!-- Com.blaze.test.Tc1_Home -->
